2023-10-09 13:57:29.809  INFO 9380 --- [restartedMain] c.d.c.avaliador.AvaliadorApplication     : Starting AvaliadorApplication using Java 20.0.2 on THIAGO-PC with PID 9380 (D:\DESENVOLVIMENTO\estudos\microsservicos-avaliador-credito\avaliador\target\classes started by Thiago in D:\DESENVOLVIMENTO\estudos\microsservicos-avaliador-credito\avaliador)
2023-10-09 13:57:29.812  INFO 9380 --- [restartedMain] c.d.c.avaliador.AvaliadorApplication     : No active profile set, falling back to 1 default profile: "default"
2023-10-09 13:57:29.915  INFO 9380 --- [restartedMain] .e.DevToolsPropertyDefaultsPostProcessor : Devtools property defaults active! Set 'spring.devtools.add-properties' to 'false' to disable
2023-10-09 13:57:29.915  INFO 9380 --- [restartedMain] .e.DevToolsPropertyDefaultsPostProcessor : For additional web related logging consider setting the 'logging.level.web' property to 'DEBUG'
2023-10-09 13:57:32.452  INFO 9380 --- [restartedMain] o.s.cloud.context.scope.GenericScope     : BeanFactory id=9266bd06-b9d7-3423-9472-5870110bb431
2023-10-09 13:57:33.174  INFO 9380 --- [restartedMain] o.s.b.w.embedded.tomcat.TomcatWebServer  : Tomcat initialized with port(s): 0 (http)
2023-10-09 13:57:33.186  INFO 9380 --- [restartedMain] o.apache.catalina.core.StandardService   : Starting service [Tomcat]
2023-10-09 13:57:33.186  INFO 9380 --- [restartedMain] org.apache.catalina.core.StandardEngine  : Starting Servlet engine: [Apache Tomcat/9.0.80]
2023-10-09 13:57:33.305  INFO 9380 --- [restartedMain] o.a.c.c.C.[Tomcat].[localhost].[/]       : Initializing Spring embedded WebApplicationContext
2023-10-09 13:57:33.305  INFO 9380 --- [restartedMain] w.s.c.ServletWebServerApplicationContext : Root WebApplicationContext: initialization completed in 3384 ms
2023-10-09 13:57:34.070  WARN 9380 --- [restartedMain] o.s.b.d.a.OptionalLiveReloadServer       : Unable to start LiveReload server
2023-10-09 13:57:34.149  INFO 9380 --- [restartedMain] o.s.c.openfeign.FeignClientFactoryBean   : For 'ms-cliente' URL not provided. Will try picking an instance via load-balancing.
2023-10-09 13:57:34.234  INFO 9380 --- [restartedMain] o.s.c.openfeign.FeignClientFactoryBean   : For 'ms-cartao' URL not provided. Will try picking an instance via load-balancing.
2023-10-09 13:57:35.834  INFO 9380 --- [restartedMain] DiscoveryClientOptionalArgsConfiguration : Eureka HTTP Client uses RestTemplate.
2023-10-09 13:57:35.893  WARN 9380 --- [restartedMain] iguration$LoadBalancerCaffeineWarnLogger : Spring Cloud LoadBalancer is currently working with the default cache. While this cache implementation is useful for development and tests, it's recommended to use Caffeine cache in production.You can switch to using Caffeine cache, by adding it and org.springframework.cache.caffeine.CaffeineCacheManager to the classpath.
2023-10-09 13:57:35.905  INFO 9380 --- [restartedMain] o.s.b.a.e.web.EndpointLinksResolver      : Exposing 17 endpoint(s) beneath base path '/actuator'
2023-10-09 13:57:35.974  INFO 9380 --- [restartedMain] o.s.b.w.embedded.tomcat.TomcatWebServer  : Tomcat started on port(s): 63267 (http) with context path ''
2023-10-09 13:57:35.975  INFO 9380 --- [restartedMain] .s.c.n.e.s.EurekaAutoServiceRegistration : Updating port to 63267
2023-10-09 13:57:35.984  INFO 9380 --- [restartedMain] o.s.c.n.eureka.InstanceInfoFactory       : Setting initial instance status as: STARTING
2023-10-09 13:57:36.106  INFO 9380 --- [restartedMain] com.netflix.discovery.DiscoveryClient    : Initializing Eureka in region us-east-1
2023-10-09 13:57:36.112  INFO 9380 --- [restartedMain] c.n.d.s.r.aws.ConfigClusterResolver      : Resolving eureka endpoints via configuration
2023-10-09 13:57:36.152  INFO 9380 --- [restartedMain] com.netflix.discovery.DiscoveryClient    : Disable delta property : false
2023-10-09 13:57:36.152  INFO 9380 --- [restartedMain] com.netflix.discovery.DiscoveryClient    : Single vip registry refresh property : null
2023-10-09 13:57:36.152  INFO 9380 --- [restartedMain] com.netflix.discovery.DiscoveryClient    : Force full registry fetch : false
2023-10-09 13:57:36.152  INFO 9380 --- [restartedMain] com.netflix.discovery.DiscoveryClient    : Application is null : false
2023-10-09 13:57:36.152  INFO 9380 --- [restartedMain] com.netflix.discovery.DiscoveryClient    : Registered Applications size is zero : true
2023-10-09 13:57:36.152  INFO 9380 --- [restartedMain] com.netflix.discovery.DiscoveryClient    : Application version is -1: true
2023-10-09 13:57:36.152  INFO 9380 --- [restartedMain] com.netflix.discovery.DiscoveryClient    : Getting all instance registry info from the eureka server
2023-10-09 13:57:36.576  INFO 9380 --- [restartedMain] com.netflix.discovery.DiscoveryClient    : The response status is 200
2023-10-09 13:57:36.580  INFO 9380 --- [restartedMain] com.netflix.discovery.DiscoveryClient    : Starting heartbeat executor: renew interval is: 30
2023-10-09 13:57:36.585  INFO 9380 --- [restartedMain] c.n.discovery.InstanceInfoReplicator     : InstanceInfoReplicator onDemand update allowed rate per min is 4
2023-10-09 13:57:36.591  INFO 9380 --- [restartedMain] com.netflix.discovery.DiscoveryClient    : Discovery Client initialized at timestamp 1696870656590 with initial instances count: 2
2023-10-09 13:57:36.593  INFO 9380 --- [restartedMain] o.s.c.n.e.s.EurekaServiceRegistry        : Registering application MS-AVALIADOR with eureka with status UP
2023-10-09 13:57:36.594  INFO 9380 --- [restartedMain] com.netflix.discovery.DiscoveryClient    : Saw local status change event StatusChangeEvent [timestamp=1696870656594, current=UP, previous=STARTING]
2023-10-09 13:57:36.599  INFO 9380 --- [DiscoveryClient-InstanceInfoReplicator-0] com.netflix.discovery.DiscoveryClient    : DiscoveryClient_MS-AVALIADOR/ms-avaliador:8be00a2c194924bf86b92529a7460c85: registering service...
2023-10-09 13:57:36.690  INFO 9380 --- [restartedMain] c.d.c.avaliador.AvaliadorApplication     : Started AvaliadorApplication in 7.776 seconds (JVM running for 8.647)
2023-10-09 13:57:36.739  INFO 9380 --- [DiscoveryClient-InstanceInfoReplicator-0] com.netflix.discovery.DiscoveryClient    : DiscoveryClient_MS-AVALIADOR/ms-avaliador:8be00a2c194924bf86b92529a7460c85 - registration status: 204
2023-10-09 13:58:22.787  INFO 9380 --- [http-nio-auto-1-exec-1] o.a.c.c.C.[Tomcat].[localhost].[/]       : Initializing Spring DispatcherServlet 'dispatcherServlet'
2023-10-09 13:58:22.787  INFO 9380 --- [http-nio-auto-1-exec-1] o.s.web.servlet.DispatcherServlet        : Initializing Servlet 'dispatcherServlet'
2023-10-09 13:58:22.789  INFO 9380 --- [http-nio-auto-1-exec-1] o.s.web.servlet.DispatcherServlet        : Completed initialization in 2 ms
2023-10-09 13:58:33.045  INFO 9380 --- [http-nio-auto-1-exec-3] o.s.a.r.c.CachingConnectionFactory       : Attempting to connect to: [192.168.0.103:5672]
2023-10-09 13:58:35.070  WARN 9380 --- [http-nio-auto-1-exec-3] o.s.b.a.amqp.RabbitHealthIndicator       : Rabbit health check failed

org.springframework.amqp.AmqpConnectException: java.net.ConnectException: Connection refused: no further information
	at org.springframework.amqp.rabbit.support.RabbitExceptionTranslator.convertRabbitAccessException(RabbitExceptionTranslator.java:61) ~[spring-rabbit-2.4.16.jar:2.4.16]
	at org.springframework.amqp.rabbit.connection.AbstractConnectionFactory.createBareConnection(AbstractConnectionFactory.java:603) ~[spring-rabbit-2.4.16.jar:2.4.16]
	at org.springframework.amqp.rabbit.connection.CachingConnectionFactory.createConnection(CachingConnectionFactory.java:725) ~[spring-rabbit-2.4.16.jar:2.4.16]
	at org.springframework.amqp.rabbit.connection.ConnectionFactoryUtils.createConnection(ConnectionFactoryUtils.java:252) ~[spring-rabbit-2.4.16.jar:2.4.16]
	at org.springframework.amqp.rabbit.core.RabbitTemplate.doExecute(RabbitTemplate.java:2210) ~[spring-rabbit-2.4.16.jar:2.4.16]
	at org.springframework.amqp.rabbit.core.RabbitTemplate.execute(RabbitTemplate.java:2183) ~[spring-rabbit-2.4.16.jar:2.4.16]
	at org.springframework.amqp.rabbit.core.RabbitTemplate.execute(RabbitTemplate.java:2163) ~[spring-rabbit-2.4.16.jar:2.4.16]
	at org.springframework.boot.actuate.amqp.RabbitHealthIndicator.getVersion(RabbitHealthIndicator.java:49) ~[spring-boot-actuator-2.7.16.jar:2.7.16]
	at org.springframework.boot.actuate.amqp.RabbitHealthIndicator.doHealthCheck(RabbitHealthIndicator.java:44) ~[spring-boot-actuator-2.7.16.jar:2.7.16]
	at org.springframework.boot.actuate.health.AbstractHealthIndicator.health(AbstractHealthIndicator.java:82) ~[spring-boot-actuator-2.7.16.jar:2.7.16]
	at org.springframework.boot.actuate.health.HealthIndicator.getHealth(HealthIndicator.java:37) ~[spring-boot-actuator-2.7.16.jar:2.7.16]
	at org.springframework.boot.actuate.health.HealthEndpointWebExtension.getHealth(HealthEndpointWebExtension.java:104) ~[spring-boot-actuator-2.7.16.jar:2.7.16]
	at org.springframework.boot.actuate.health.HealthEndpointWebExtension.getHealth(HealthEndpointWebExtension.java:46) ~[spring-boot-actuator-2.7.16.jar:2.7.16]
	at org.springframework.boot.actuate.health.HealthEndpointSupport.getLoggedHealth(HealthEndpointSupport.java:172) ~[spring-boot-actuator-2.7.16.jar:2.7.16]
	at org.springframework.boot.actuate.health.HealthEndpointSupport.getContribution(HealthEndpointSupport.java:145) ~[spring-boot-actuator-2.7.16.jar:2.7.16]
	at org.springframework.boot.actuate.health.HealthEndpointSupport.getAggregateContribution(HealthEndpointSupport.java:156) ~[spring-boot-actuator-2.7.16.jar:2.7.16]
	at org.springframework.boot.actuate.health.HealthEndpointSupport.getContribution(HealthEndpointSupport.java:141) ~[spring-boot-actuator-2.7.16.jar:2.7.16]
	at org.springframework.boot.actuate.health.HealthEndpointSupport.getHealth(HealthEndpointSupport.java:110) ~[spring-boot-actuator-2.7.16.jar:2.7.16]
	at org.springframework.boot.actuate.health.HealthEndpointSupport.getHealth(HealthEndpointSupport.java:81) ~[spring-boot-actuator-2.7.16.jar:2.7.16]
	at org.springframework.boot.actuate.health.HealthEndpointWebExtension.health(HealthEndpointWebExtension.java:90) ~[spring-boot-actuator-2.7.16.jar:2.7.16]
	at org.springframework.boot.actuate.health.HealthEndpointWebExtension.health(HealthEndpointWebExtension.java:79) ~[spring-boot-actuator-2.7.16.jar:2.7.16]
	at java.base/jdk.internal.reflect.DirectMethodHandleAccessor.invoke(DirectMethodHandleAccessor.java:104) ~[na:na]
	at java.base/java.lang.reflect.Method.invoke(Method.java:578) ~[na:na]
	at org.springframework.util.ReflectionUtils.invokeMethod(ReflectionUtils.java:282) ~[spring-core-5.3.30.jar:5.3.30]
	at org.springframework.boot.actuate.endpoint.invoke.reflect.ReflectiveOperationInvoker.invoke(ReflectiveOperationInvoker.java:74) ~[spring-boot-actuator-2.7.16.jar:2.7.16]
	at org.springframework.boot.actuate.endpoint.annotation.AbstractDiscoveredOperation.invoke(AbstractDiscoveredOperation.java:60) ~[spring-boot-actuator-2.7.16.jar:2.7.16]
	at org.springframework.boot.actuate.endpoint.web.servlet.AbstractWebMvcEndpointHandlerMapping$ServletWebOperationAdapter.handle(AbstractWebMvcEndpointHandlerMapping.java:357) ~[spring-boot-actuator-2.7.16.jar:2.7.16]
	at org.springframework.boot.actuate.endpoint.web.servlet.AbstractWebMvcEndpointHandlerMapping$OperationHandler.handle(AbstractWebMvcEndpointHandlerMapping.java:464) ~[spring-boot-actuator-2.7.16.jar:2.7.16]
	at java.base/jdk.internal.reflect.DirectMethodHandleAccessor.invoke(DirectMethodHandleAccessor.java:104) ~[na:na]
	at java.base/java.lang.reflect.Method.invoke(Method.java:578) ~[na:na]
	at org.springframework.web.method.support.InvocableHandlerMethod.doInvoke(InvocableHandlerMethod.java:205) ~[spring-web-5.3.30.jar:5.3.30]
	at org.springframework.web.method.support.InvocableHandlerMethod.invokeForRequest(InvocableHandlerMethod.java:150) ~[spring-web-5.3.30.jar:5.3.30]
	at org.springframework.web.servlet.mvc.method.annotation.ServletInvocableHandlerMethod.invokeAndHandle(ServletInvocableHandlerMethod.java:117) ~[spring-webmvc-5.3.30.jar:5.3.30]
	at org.springframework.web.servlet.mvc.method.annotation.RequestMappingHandlerAdapter.invokeHandlerMethod(RequestMappingHandlerAdapter.java:895) ~[spring-webmvc-5.3.30.jar:5.3.30]
	at org.springframework.web.servlet.mvc.method.annotation.RequestMappingHandlerAdapter.handleInternal(RequestMappingHandlerAdapter.java:808) ~[spring-webmvc-5.3.30.jar:5.3.30]
	at org.springframework.web.servlet.mvc.method.AbstractHandlerMethodAdapter.handle(AbstractHandlerMethodAdapter.java:87) ~[spring-webmvc-5.3.30.jar:5.3.30]
	at org.springframework.web.servlet.DispatcherServlet.doDispatch(DispatcherServlet.java:1072) ~[spring-webmvc-5.3.30.jar:5.3.30]
	at org.springframework.web.servlet.DispatcherServlet.doService(DispatcherServlet.java:965) ~[spring-webmvc-5.3.30.jar:5.3.30]
	at org.springframework.web.servlet.FrameworkServlet.processRequest(FrameworkServlet.java:1006) ~[spring-webmvc-5.3.30.jar:5.3.30]
	at org.springframework.web.servlet.FrameworkServlet.doGet(FrameworkServlet.java:898) ~[spring-webmvc-5.3.30.jar:5.3.30]
	at javax.servlet.http.HttpServlet.service(HttpServlet.java:529) ~[tomcat-embed-core-9.0.80.jar:4.0.FR]
	at org.springframework.web.servlet.FrameworkServlet.service(FrameworkServlet.java:883) ~[spring-webmvc-5.3.30.jar:5.3.30]
	at javax.servlet.http.HttpServlet.service(HttpServlet.java:623) ~[tomcat-embed-core-9.0.80.jar:4.0.FR]
	at org.apache.catalina.core.ApplicationFilterChain.internalDoFilter(ApplicationFilterChain.java:209) ~[tomcat-embed-core-9.0.80.jar:9.0.80]
	at org.apache.catalina.core.ApplicationFilterChain.doFilter(ApplicationFilterChain.java:153) ~[tomcat-embed-core-9.0.80.jar:9.0.80]
	at org.apache.tomcat.websocket.server.WsFilter.doFilter(WsFilter.java:51) ~[tomcat-embed-websocket-9.0.80.jar:9.0.80]
	at org.apache.catalina.core.ApplicationFilterChain.internalDoFilter(ApplicationFilterChain.java:178) ~[tomcat-embed-core-9.0.80.jar:9.0.80]
	at org.apache.catalina.core.ApplicationFilterChain.doFilter(ApplicationFilterChain.java:153) ~[tomcat-embed-core-9.0.80.jar:9.0.80]
	at org.springframework.web.filter.RequestContextFilter.doFilterInternal(RequestContextFilter.java:100) ~[spring-web-5.3.30.jar:5.3.30]
	at org.springframework.web.filter.OncePerRequestFilter.doFilter(OncePerRequestFilter.java:117) ~[spring-web-5.3.30.jar:5.3.30]
	at org.apache.catalina.core.ApplicationFilterChain.internalDoFilter(ApplicationFilterChain.java:178) ~[tomcat-embed-core-9.0.80.jar:9.0.80]
	at org.apache.catalina.core.ApplicationFilterChain.doFilter(ApplicationFilterChain.java:153) ~[tomcat-embed-core-9.0.80.jar:9.0.80]
	at org.springframework.web.filter.FormContentFilter.doFilterInternal(FormContentFilter.java:93) ~[spring-web-5.3.30.jar:5.3.30]
	at org.springframework.web.filter.OncePerRequestFilter.doFilter(OncePerRequestFilter.java:117) ~[spring-web-5.3.30.jar:5.3.30]
	at org.apache.catalina.core.ApplicationFilterChain.internalDoFilter(ApplicationFilterChain.java:178) ~[tomcat-embed-core-9.0.80.jar:9.0.80]
	at org.apache.catalina.core.ApplicationFilterChain.doFilter(ApplicationFilterChain.java:153) ~[tomcat-embed-core-9.0.80.jar:9.0.80]
	at org.springframework.boot.actuate.metrics.web.servlet.WebMvcMetricsFilter.doFilterInternal(WebMvcMetricsFilter.java:96) ~[spring-boot-actuator-2.7.16.jar:2.7.16]
	at org.springframework.web.filter.OncePerRequestFilter.doFilter(OncePerRequestFilter.java:117) ~[spring-web-5.3.30.jar:5.3.30]
	at org.apache.catalina.core.ApplicationFilterChain.internalDoFilter(ApplicationFilterChain.java:178) ~[tomcat-embed-core-9.0.80.jar:9.0.80]
	at org.apache.catalina.core.ApplicationFilterChain.doFilter(ApplicationFilterChain.java:153) ~[tomcat-embed-core-9.0.80.jar:9.0.80]
	at org.springframework.web.filter.CharacterEncodingFilter.doFilterInternal(CharacterEncodingFilter.java:201) ~[spring-web-5.3.30.jar:5.3.30]
	at org.springframework.web.filter.OncePerRequestFilter.doFilter(OncePerRequestFilter.java:117) ~[spring-web-5.3.30.jar:5.3.30]
	at org.apache.catalina.core.ApplicationFilterChain.internalDoFilter(ApplicationFilterChain.java:178) ~[tomcat-embed-core-9.0.80.jar:9.0.80]
	at org.apache.catalina.core.ApplicationFilterChain.doFilter(ApplicationFilterChain.java:153) ~[tomcat-embed-core-9.0.80.jar:9.0.80]
	at org.apache.catalina.core.StandardWrapperValve.invoke(StandardWrapperValve.java:168) ~[tomcat-embed-core-9.0.80.jar:9.0.80]
	at org.apache.catalina.core.StandardContextValve.invoke(StandardContextValve.java:90) ~[tomcat-embed-core-9.0.80.jar:9.0.80]
	at org.apache.catalina.authenticator.AuthenticatorBase.invoke(AuthenticatorBase.java:481) ~[tomcat-embed-core-9.0.80.jar:9.0.80]
	at org.apache.catalina.core.StandardHostValve.invoke(StandardHostValve.java:130) ~[tomcat-embed-core-9.0.80.jar:9.0.80]
	at org.apache.catalina.valves.ErrorReportValve.invoke(ErrorReportValve.java:93) ~[tomcat-embed-core-9.0.80.jar:9.0.80]
	at org.apache.catalina.core.StandardEngineValve.invoke(StandardEngineValve.java:74) ~[tomcat-embed-core-9.0.80.jar:9.0.80]
	at org.apache.catalina.connector.CoyoteAdapter.service(CoyoteAdapter.java:343) ~[tomcat-embed-core-9.0.80.jar:9.0.80]
	at org.apache.coyote.http11.Http11Processor.service(Http11Processor.java:390) ~[tomcat-embed-core-9.0.80.jar:9.0.80]
	at org.apache.coyote.AbstractProcessorLight.process(AbstractProcessorLight.java:63) ~[tomcat-embed-core-9.0.80.jar:9.0.80]
	at org.apache.coyote.AbstractProtocol$ConnectionHandler.process(AbstractProtocol.java:926) ~[tomcat-embed-core-9.0.80.jar:9.0.80]
	at org.apache.tomcat.util.net.NioEndpoint$SocketProcessor.doRun(NioEndpoint.java:1790) ~[tomcat-embed-core-9.0.80.jar:9.0.80]
	at org.apache.tomcat.util.net.SocketProcessorBase.run(SocketProcessorBase.java:52) ~[tomcat-embed-core-9.0.80.jar:9.0.80]
	at org.apache.tomcat.util.threads.ThreadPoolExecutor.runWorker(ThreadPoolExecutor.java:1191) ~[tomcat-embed-core-9.0.80.jar:9.0.80]
	at org.apache.tomcat.util.threads.ThreadPoolExecutor$Worker.run(ThreadPoolExecutor.java:659) ~[tomcat-embed-core-9.0.80.jar:9.0.80]
	at org.apache.tomcat.util.threads.TaskThread$WrappingRunnable.run(TaskThread.java:61) ~[tomcat-embed-core-9.0.80.jar:9.0.80]
	at java.base/java.lang.Thread.run(Thread.java:1623) ~[na:na]
Caused by: java.net.ConnectException: Connection refused: no further information
	at java.base/sun.nio.ch.Net.pollConnect(Native Method) ~[na:na]
	at java.base/sun.nio.ch.Net.pollConnectNow(Net.java:673) ~[na:na]
	at java.base/sun.nio.ch.NioSocketImpl.timedFinishConnect(NioSocketImpl.java:547) ~[na:na]
	at java.base/sun.nio.ch.NioSocketImpl.connect(NioSocketImpl.java:590) ~[na:na]
	at java.base/java.net.SocksSocketImpl.connect(SocksSocketImpl.java:327) ~[na:na]
	at java.base/java.net.Socket.connect(Socket.java:666) ~[na:na]
	at com.rabbitmq.client.impl.SocketFrameHandlerFactory.create(SocketFrameHandlerFactory.java:62) ~[amqp-client-5.14.3.jar:5.14.3]
	at com.rabbitmq.client.ConnectionFactory.newConnection(ConnectionFactory.java:1234) ~[amqp-client-5.14.3.jar:5.14.3]
	at com.rabbitmq.client.ConnectionFactory.newConnection(ConnectionFactory.java:1184) ~[amqp-client-5.14.3.jar:5.14.3]
	at org.springframework.amqp.rabbit.connection.AbstractConnectionFactory.connectAddresses(AbstractConnectionFactory.java:641) ~[spring-rabbit-2.4.16.jar:2.4.16]
	at org.springframework.amqp.rabbit.connection.AbstractConnectionFactory.connect(AbstractConnectionFactory.java:616) ~[spring-rabbit-2.4.16.jar:2.4.16]
	at org.springframework.amqp.rabbit.connection.AbstractConnectionFactory.createBareConnection(AbstractConnectionFactory.java:566) ~[spring-rabbit-2.4.16.jar:2.4.16]
	... 78 common frames omitted

2023-10-09 14:02:36.156  INFO 9380 --- [AsyncResolver-bootstrap-executor-0] c.n.d.s.r.aws.ConfigClusterResolver      : Resolving eureka endpoints via configuration
2023-10-09 14:04:46.115  INFO 9380 --- [SpringApplicationShutdownHook] o.s.c.n.e.s.EurekaServiceRegistry        : Unregistering application MS-AVALIADOR with eureka with status DOWN
2023-10-09 14:04:46.115  INFO 9380 --- [SpringApplicationShutdownHook] com.netflix.discovery.DiscoveryClient    : Saw local status change event StatusChangeEvent [timestamp=1696871086115, current=DOWN, previous=UP]
2023-10-09 14:04:46.115  INFO 9380 --- [DiscoveryClient-InstanceInfoReplicator-0] com.netflix.discovery.DiscoveryClient    : DiscoveryClient_MS-AVALIADOR/ms-avaliador:8be00a2c194924bf86b92529a7460c85: registering service...
2023-10-09 14:04:46.123  INFO 9380 --- [DiscoveryClient-InstanceInfoReplicator-0] com.netflix.discovery.DiscoveryClient    : DiscoveryClient_MS-AVALIADOR/ms-avaliador:8be00a2c194924bf86b92529a7460c85 - registration status: 204
2023-10-09 14:04:46.161  INFO 9380 --- [SpringApplicationShutdownHook] com.netflix.discovery.DiscoveryClient    : Shutting down DiscoveryClient ...
2023-10-09 14:04:49.164  INFO 9380 --- [SpringApplicationShutdownHook] com.netflix.discovery.DiscoveryClient    : Unregistering ...
2023-10-09 14:04:49.177  INFO 9380 --- [SpringApplicationShutdownHook] com.netflix.discovery.DiscoveryClient    : DiscoveryClient_MS-AVALIADOR/ms-avaliador:8be00a2c194924bf86b92529a7460c85 - deregister  status: 200
2023-10-09 14:04:49.182  INFO 9380 --- [SpringApplicationShutdownHook] com.netflix.discovery.DiscoveryClient    : Completed shut down of DiscoveryClient
2023-10-09 14:05:07.005  INFO 9496 --- [restartedMain] c.d.c.avaliador.AvaliadorApplication     : Starting AvaliadorApplication using Java 20.0.2 on THIAGO-PC with PID 9496 (D:\DESENVOLVIMENTO\estudos\microsservicos-avaliador-credito\avaliador\target\classes started by Thiago in D:\DESENVOLVIMENTO\estudos\microsservicos-avaliador-credito\avaliador)
2023-10-09 14:05:07.008  INFO 9496 --- [restartedMain] c.d.c.avaliador.AvaliadorApplication     : No active profile set, falling back to 1 default profile: "default"
2023-10-09 14:05:07.128  INFO 9496 --- [restartedMain] .e.DevToolsPropertyDefaultsPostProcessor : Devtools property defaults active! Set 'spring.devtools.add-properties' to 'false' to disable
2023-10-09 14:05:07.129  INFO 9496 --- [restartedMain] .e.DevToolsPropertyDefaultsPostProcessor : For additional web related logging consider setting the 'logging.level.web' property to 'DEBUG'
2023-10-09 14:05:08.819  INFO 9496 --- [restartedMain] o.s.cloud.context.scope.GenericScope     : BeanFactory id=9266bd06-b9d7-3423-9472-5870110bb431
2023-10-09 14:05:09.612  INFO 9496 --- [restartedMain] o.s.b.w.embedded.tomcat.TomcatWebServer  : Tomcat initialized with port(s): 0 (http)
2023-10-09 14:05:09.624  INFO 9496 --- [restartedMain] o.apache.catalina.core.StandardService   : Starting service [Tomcat]
2023-10-09 14:05:09.625  INFO 9496 --- [restartedMain] org.apache.catalina.core.StandardEngine  : Starting Servlet engine: [Apache Tomcat/9.0.80]
2023-10-09 14:05:09.759  INFO 9496 --- [restartedMain] o.a.c.c.C.[Tomcat].[localhost].[/]       : Initializing Spring embedded WebApplicationContext
2023-10-09 14:05:09.759  INFO 9496 --- [restartedMain] w.s.c.ServletWebServerApplicationContext : Root WebApplicationContext: initialization completed in 2627 ms
2023-10-09 14:05:10.630  WARN 9496 --- [restartedMain] o.s.b.d.a.OptionalLiveReloadServer       : Unable to start LiveReload server
2023-10-09 14:05:10.708  INFO 9496 --- [restartedMain] o.s.c.openfeign.FeignClientFactoryBean   : For 'ms-cliente' URL not provided. Will try picking an instance via load-balancing.
2023-10-09 14:05:10.799  INFO 9496 --- [restartedMain] o.s.c.openfeign.FeignClientFactoryBean   : For 'ms-cartao' URL not provided. Will try picking an instance via load-balancing.
2023-10-09 14:05:12.537  INFO 9496 --- [restartedMain] DiscoveryClientOptionalArgsConfiguration : Eureka HTTP Client uses RestTemplate.
2023-10-09 14:05:12.604  WARN 9496 --- [restartedMain] iguration$LoadBalancerCaffeineWarnLogger : Spring Cloud LoadBalancer is currently working with the default cache. While this cache implementation is useful for development and tests, it's recommended to use Caffeine cache in production.You can switch to using Caffeine cache, by adding it and org.springframework.cache.caffeine.CaffeineCacheManager to the classpath.
2023-10-09 14:05:12.619  INFO 9496 --- [restartedMain] o.s.b.a.e.web.EndpointLinksResolver      : Exposing 17 endpoint(s) beneath base path '/actuator'
2023-10-09 14:05:12.687  INFO 9496 --- [restartedMain] o.s.b.w.embedded.tomcat.TomcatWebServer  : Tomcat started on port(s): 63880 (http) with context path ''
2023-10-09 14:05:12.688  INFO 9496 --- [restartedMain] .s.c.n.e.s.EurekaAutoServiceRegistration : Updating port to 63880
2023-10-09 14:05:12.697  INFO 9496 --- [restartedMain] o.s.c.n.eureka.InstanceInfoFactory       : Setting initial instance status as: STARTING
2023-10-09 14:05:12.831  INFO 9496 --- [restartedMain] com.netflix.discovery.DiscoveryClient    : Initializing Eureka in region us-east-1
2023-10-09 14:05:12.838  INFO 9496 --- [restartedMain] c.n.d.s.r.aws.ConfigClusterResolver      : Resolving eureka endpoints via configuration
2023-10-09 14:05:12.867  INFO 9496 --- [restartedMain] com.netflix.discovery.DiscoveryClient    : Disable delta property : false
2023-10-09 14:05:12.868  INFO 9496 --- [restartedMain] com.netflix.discovery.DiscoveryClient    : Single vip registry refresh property : null
2023-10-09 14:05:12.869  INFO 9496 --- [restartedMain] com.netflix.discovery.DiscoveryClient    : Force full registry fetch : false
2023-10-09 14:05:12.869  INFO 9496 --- [restartedMain] com.netflix.discovery.DiscoveryClient    : Application is null : false
2023-10-09 14:05:12.869  INFO 9496 --- [restartedMain] com.netflix.discovery.DiscoveryClient    : Registered Applications size is zero : true
2023-10-09 14:05:12.869  INFO 9496 --- [restartedMain] com.netflix.discovery.DiscoveryClient    : Application version is -1: true
2023-10-09 14:05:12.869  INFO 9496 --- [restartedMain] com.netflix.discovery.DiscoveryClient    : Getting all instance registry info from the eureka server
2023-10-09 14:05:13.277  INFO 9496 --- [restartedMain] com.netflix.discovery.DiscoveryClient    : The response status is 200
2023-10-09 14:05:13.280  INFO 9496 --- [restartedMain] com.netflix.discovery.DiscoveryClient    : Starting heartbeat executor: renew interval is: 30
2023-10-09 14:05:13.285  INFO 9496 --- [restartedMain] c.n.discovery.InstanceInfoReplicator     : InstanceInfoReplicator onDemand update allowed rate per min is 4
2023-10-09 14:05:13.293  INFO 9496 --- [restartedMain] com.netflix.discovery.DiscoveryClient    : Discovery Client initialized at timestamp 1696871113291 with initial instances count: 2
2023-10-09 14:05:13.295  INFO 9496 --- [restartedMain] o.s.c.n.e.s.EurekaServiceRegistry        : Registering application MS-AVALIADOR with eureka with status UP
2023-10-09 14:05:13.296  INFO 9496 --- [restartedMain] com.netflix.discovery.DiscoveryClient    : Saw local status change event StatusChangeEvent [timestamp=1696871113296, current=UP, previous=STARTING]
2023-10-09 14:05:13.299  INFO 9496 --- [DiscoveryClient-InstanceInfoReplicator-0] com.netflix.discovery.DiscoveryClient    : DiscoveryClient_MS-AVALIADOR/ms-avaliador:d88edb246065b5c64e96a381368340a2: registering service...
2023-10-09 14:05:13.377  INFO 9496 --- [restartedMain] c.d.c.avaliador.AvaliadorApplication     : Started AvaliadorApplication in 7.437 seconds (JVM running for 8.238)
2023-10-09 14:05:13.429  INFO 9496 --- [DiscoveryClient-InstanceInfoReplicator-0] com.netflix.discovery.DiscoveryClient    : DiscoveryClient_MS-AVALIADOR/ms-avaliador:d88edb246065b5c64e96a381368340a2 - registration status: 204
2023-10-09 14:06:10.689  INFO 9496 --- [http-nio-auto-1-exec-1] o.a.c.c.C.[Tomcat].[localhost].[/]       : Initializing Spring DispatcherServlet 'dispatcherServlet'
2023-10-09 14:06:10.690  INFO 9496 --- [http-nio-auto-1-exec-1] o.s.web.servlet.DispatcherServlet        : Initializing Servlet 'dispatcherServlet'
2023-10-09 14:06:10.691  INFO 9496 --- [http-nio-auto-1-exec-1] o.s.web.servlet.DispatcherServlet        : Completed initialization in 1 ms
2023-10-09 14:06:10.724  INFO 9496 --- [http-nio-auto-1-exec-1] c.d.c.a.r.c.AvaliadorController          : Microsserviço Avaliador Rodando!
2023-10-09 14:07:27.464  INFO 9496 --- [http-nio-auto-1-exec-5] c.d.c.a.r.c.AvaliadorController          : Microsserviço Avaliador Rodando!
2023-10-09 14:08:12.144  INFO 9496 --- [http-nio-auto-1-exec-3] c.d.c.a.s.impl.AvaliadorServiceImpl      : CartaoDTOnew(id=null, nome=null, limite=null)
2023-10-09 14:08:12.159  INFO 9496 --- [http-nio-auto-1-exec-3] o.s.a.r.c.CachingConnectionFactory       : Attempting to connect to: [192.168.0.103:5672]
2023-10-09 14:08:12.225  INFO 9496 --- [http-nio-auto-1-exec-3] o.s.a.r.c.CachingConnectionFactory       : Created new connection: rabbitConnectionFactory#57f58317:0/SimpleConnection@49eb1e68 [delegate=amqp://guest@192.168.0.103:5672/, localPort= 64097]
2023-10-09 14:08:12.270  INFO 9496 --- [http-nio-auto-1-exec-3] c.d.c.a.s.impl.AvaliadorServiceImpl      : ::: Sucesso ao enviar para o Rabbit: AvaliacaoDTO(protocolo=ef853d7f-0153-4f45-ab78-aadec4dfb966, clienteDTOnew=ClienteDTOnew(cpf=04922105190, nome=Thiago jr, idade=29), cartaoDTOnew=CartaoDTOnew(id=null, nome=null, limite=null))
2023-10-09 14:10:00.962  INFO 9496 --- [http-nio-auto-1-exec-6] o.springdoc.api.AbstractOpenApiResource  : Init duration for springdoc-openapi is: 221 ms
2023-10-09 14:10:12.873  INFO 9496 --- [AsyncResolver-bootstrap-executor-0] c.n.d.s.r.aws.ConfigClusterResolver      : Resolving eureka endpoints via configuration
2023-10-09 14:14:41.379  INFO 9496 --- [SpringApplicationShutdownHook] o.s.c.n.e.s.EurekaServiceRegistry        : Unregistering application MS-AVALIADOR with eureka with status DOWN
2023-10-09 14:14:41.379  INFO 9496 --- [SpringApplicationShutdownHook] com.netflix.discovery.DiscoveryClient    : Saw local status change event StatusChangeEvent [timestamp=1696871681379, current=DOWN, previous=UP]
2023-10-09 14:14:41.380  INFO 9496 --- [DiscoveryClient-InstanceInfoReplicator-0] com.netflix.discovery.DiscoveryClient    : DiscoveryClient_MS-AVALIADOR/ms-avaliador:d88edb246065b5c64e96a381368340a2: registering service...
2023-10-09 14:14:41.387  INFO 9496 --- [DiscoveryClient-InstanceInfoReplicator-0] com.netflix.discovery.DiscoveryClient    : DiscoveryClient_MS-AVALIADOR/ms-avaliador:d88edb246065b5c64e96a381368340a2 - registration status: 204
2023-10-09 14:14:41.437  INFO 9496 --- [SpringApplicationShutdownHook] com.netflix.discovery.DiscoveryClient    : Shutting down DiscoveryClient ...
2023-10-09 14:14:44.438  WARN 9496 --- [DiscoveryClient-1] c.netflix.discovery.TimedSupervisorTask  : task supervisor shutting down, can't accept the task
2023-10-09 14:14:44.439  INFO 9496 --- [SpringApplicationShutdownHook] com.netflix.discovery.DiscoveryClient    : Unregistering ...
2023-10-09 14:14:44.444  INFO 9496 --- [SpringApplicationShutdownHook] com.netflix.discovery.DiscoveryClient    : DiscoveryClient_MS-AVALIADOR/ms-avaliador:d88edb246065b5c64e96a381368340a2 - deregister  status: 200
2023-10-09 14:14:44.452  INFO 9496 --- [SpringApplicationShutdownHook] com.netflix.discovery.DiscoveryClient    : Completed shut down of DiscoveryClient
2023-10-09 14:22:43.105  INFO 13456 --- [restartedMain] c.d.c.avaliador.AvaliadorApplication     : Starting AvaliadorApplication using Java 20.0.2 on THIAGO-PC with PID 13456 (D:\DESENVOLVIMENTO\estudos\microsservicos-avaliador-credito\avaliador\target\classes started by Thiago in D:\DESENVOLVIMENTO\estudos\microsservicos-avaliador-credito\avaliador)
2023-10-09 14:22:43.107  INFO 13456 --- [restartedMain] c.d.c.avaliador.AvaliadorApplication     : No active profile set, falling back to 1 default profile: "default"
2023-10-09 14:22:43.202  INFO 13456 --- [restartedMain] .e.DevToolsPropertyDefaultsPostProcessor : Devtools property defaults active! Set 'spring.devtools.add-properties' to 'false' to disable
2023-10-09 14:22:43.202  INFO 13456 --- [restartedMain] .e.DevToolsPropertyDefaultsPostProcessor : For additional web related logging consider setting the 'logging.level.web' property to 'DEBUG'
2023-10-09 14:22:44.794  INFO 13456 --- [restartedMain] o.s.cloud.context.scope.GenericScope     : BeanFactory id=24115312-f0d2-32de-8ec4-b7a4601db5d5
2023-10-09 14:22:45.550  INFO 13456 --- [restartedMain] o.s.b.w.embedded.tomcat.TomcatWebServer  : Tomcat initialized with port(s): 0 (http)
2023-10-09 14:22:45.563  INFO 13456 --- [restartedMain] o.apache.catalina.core.StandardService   : Starting service [Tomcat]
2023-10-09 14:22:45.563  INFO 13456 --- [restartedMain] org.apache.catalina.core.StandardEngine  : Starting Servlet engine: [Apache Tomcat/9.0.80]
2023-10-09 14:22:45.688  INFO 13456 --- [restartedMain] o.a.c.c.C.[Tomcat].[localhost].[/]       : Initializing Spring embedded WebApplicationContext
2023-10-09 14:22:45.689  INFO 13456 --- [restartedMain] w.s.c.ServletWebServerApplicationContext : Root WebApplicationContext: initialization completed in 2485 ms
2023-10-09 14:22:46.464  WARN 13456 --- [restartedMain] o.s.b.d.a.OptionalLiveReloadServer       : Unable to start LiveReload server
2023-10-09 14:22:46.529  INFO 13456 --- [restartedMain] o.s.c.openfeign.FeignClientFactoryBean   : For 'ms-cliente' URL not provided. Will try picking an instance via load-balancing.
2023-10-09 14:22:46.617  INFO 13456 --- [restartedMain] o.s.c.openfeign.FeignClientFactoryBean   : For 'ms-cartao' URL not provided. Will try picking an instance via load-balancing.
2023-10-09 14:22:48.111  INFO 13456 --- [restartedMain] DiscoveryClientOptionalArgsConfiguration : Eureka HTTP Client uses RestTemplate.
2023-10-09 14:22:48.167  WARN 13456 --- [restartedMain] iguration$LoadBalancerCaffeineWarnLogger : Spring Cloud LoadBalancer is currently working with the default cache. While this cache implementation is useful for development and tests, it's recommended to use Caffeine cache in production.You can switch to using Caffeine cache, by adding it and org.springframework.cache.caffeine.CaffeineCacheManager to the classpath.
2023-10-09 14:22:48.179  INFO 13456 --- [restartedMain] o.s.b.a.e.web.EndpointLinksResolver      : Exposing 17 endpoint(s) beneath base path '/actuator'
2023-10-09 14:22:48.236  INFO 13456 --- [restartedMain] o.s.b.w.embedded.tomcat.TomcatWebServer  : Tomcat started on port(s): 64307 (http) with context path ''
2023-10-09 14:22:48.237  INFO 13456 --- [restartedMain] .s.c.n.e.s.EurekaAutoServiceRegistration : Updating port to 64307
2023-10-09 14:22:48.244  INFO 13456 --- [restartedMain] o.s.c.n.eureka.InstanceInfoFactory       : Setting initial instance status as: STARTING
2023-10-09 14:22:48.365  INFO 13456 --- [restartedMain] com.netflix.discovery.DiscoveryClient    : Initializing Eureka in region us-east-1
2023-10-09 14:22:48.372  INFO 13456 --- [restartedMain] c.n.d.s.r.aws.ConfigClusterResolver      : Resolving eureka endpoints via configuration
2023-10-09 14:22:48.398  INFO 13456 --- [restartedMain] com.netflix.discovery.DiscoveryClient    : Disable delta property : false
2023-10-09 14:22:48.398  INFO 13456 --- [restartedMain] com.netflix.discovery.DiscoveryClient    : Single vip registry refresh property : null
2023-10-09 14:22:48.398  INFO 13456 --- [restartedMain] com.netflix.discovery.DiscoveryClient    : Force full registry fetch : false
2023-10-09 14:22:48.398  INFO 13456 --- [restartedMain] com.netflix.discovery.DiscoveryClient    : Application is null : false
2023-10-09 14:22:48.399  INFO 13456 --- [restartedMain] com.netflix.discovery.DiscoveryClient    : Registered Applications size is zero : true
2023-10-09 14:22:48.399  INFO 13456 --- [restartedMain] com.netflix.discovery.DiscoveryClient    : Application version is -1: true
2023-10-09 14:22:48.399  INFO 13456 --- [restartedMain] com.netflix.discovery.DiscoveryClient    : Getting all instance registry info from the eureka server
2023-10-09 14:22:48.801  INFO 13456 --- [restartedMain] com.netflix.discovery.DiscoveryClient    : The response status is 200
2023-10-09 14:22:48.804  INFO 13456 --- [restartedMain] com.netflix.discovery.DiscoveryClient    : Starting heartbeat executor: renew interval is: 30
2023-10-09 14:22:48.820  INFO 13456 --- [restartedMain] c.n.discovery.InstanceInfoReplicator     : InstanceInfoReplicator onDemand update allowed rate per min is 4
2023-10-09 14:22:48.826  INFO 13456 --- [restartedMain] com.netflix.discovery.DiscoveryClient    : Discovery Client initialized at timestamp 1696872168825 with initial instances count: 2
2023-10-09 14:22:48.828  INFO 13456 --- [restartedMain] o.s.c.n.e.s.EurekaServiceRegistry        : Registering application MS-AVALIADOR with eureka with status UP
2023-10-09 14:22:48.829  INFO 13456 --- [restartedMain] com.netflix.discovery.DiscoveryClient    : Saw local status change event StatusChangeEvent [timestamp=1696872168829, current=UP, previous=STARTING]
2023-10-09 14:22:48.831  INFO 13456 --- [DiscoveryClient-InstanceInfoReplicator-0] com.netflix.discovery.DiscoveryClient    : DiscoveryClient_MS-AVALIADOR/ms-avaliador:0b1a48859a77fc844a1992a1fefaad9a: registering service...
2023-10-09 14:22:48.905  INFO 13456 --- [restartedMain] c.d.c.avaliador.AvaliadorApplication     : Started AvaliadorApplication in 6.495 seconds (JVM running for 7.237)
2023-10-09 14:22:48.957  INFO 13456 --- [DiscoveryClient-InstanceInfoReplicator-0] com.netflix.discovery.DiscoveryClient    : DiscoveryClient_MS-AVALIADOR/ms-avaliador:0b1a48859a77fc844a1992a1fefaad9a - registration status: 204
2023-10-09 14:23:31.286  INFO 13456 --- [http-nio-auto-1-exec-2] o.a.c.c.C.[Tomcat].[localhost].[/]       : Initializing Spring DispatcherServlet 'dispatcherServlet'
2023-10-09 14:23:31.287  INFO 13456 --- [http-nio-auto-1-exec-2] o.s.web.servlet.DispatcherServlet        : Initializing Servlet 'dispatcherServlet'
2023-10-09 14:23:31.289  INFO 13456 --- [http-nio-auto-1-exec-2] o.s.web.servlet.DispatcherServlet        : Completed initialization in 2 ms
2023-10-09 14:23:57.349  INFO 13456 --- [http-nio-auto-1-exec-2] o.springdoc.api.AbstractOpenApiResource  : Init duration for springdoc-openapi is: 250 ms
2023-10-09 14:25:51.820  INFO 13456 --- [http-nio-auto-1-exec-7] c.d.c.a.r.c.AvaliadorController          : Microsserviço Avaliador Rodando!
2023-10-09 14:26:03.370  INFO 13456 --- [http-nio-auto-1-exec-5] c.d.c.a.s.impl.AvaliadorServiceImpl      : CartaoDTOnew(id=null, nome=null, limite=null)
2023-10-09 14:26:03.376  INFO 13456 --- [http-nio-auto-1-exec-5] o.s.a.r.c.CachingConnectionFactory       : Attempting to connect to: [192.168.0.103:5672]
2023-10-09 14:26:03.444  INFO 13456 --- [http-nio-auto-1-exec-5] o.s.a.r.c.CachingConnectionFactory       : Created new connection: rabbitConnectionFactory#47b20ee3:0/SimpleConnection@1a6b764a [delegate=amqp://guest@192.168.0.103:5672/, localPort= 64387]
2023-10-09 14:26:03.480  INFO 13456 --- [http-nio-auto-1-exec-5] c.d.c.a.s.impl.AvaliadorServiceImpl      : ::: Sucesso ao enviar para o Rabbit: AvaliacaoDTO(protocolo=f81f1126-338d-4d41-8671-c77590c9f2a5, clienteDTOnew=ClienteDTOnew(cpf=04922105190, nome=Thiago junior amorim, idade=29), cartaoDTOnew=CartaoDTOnew(id=null, nome=null, limite=null))
2023-10-09 14:26:46.757  INFO 13456 --- [SpringApplicationShutdownHook] o.s.c.n.e.s.EurekaServiceRegistry        : Unregistering application MS-AVALIADOR with eureka with status DOWN
2023-10-09 14:26:46.758  INFO 13456 --- [SpringApplicationShutdownHook] com.netflix.discovery.DiscoveryClient    : Saw local status change event StatusChangeEvent [timestamp=1696872406758, current=DOWN, previous=UP]
2023-10-09 14:26:46.758  INFO 13456 --- [DiscoveryClient-InstanceInfoReplicator-0] com.netflix.discovery.DiscoveryClient    : DiscoveryClient_MS-AVALIADOR/ms-avaliador:0b1a48859a77fc844a1992a1fefaad9a: registering service...
2023-10-09 14:26:46.767  INFO 13456 --- [DiscoveryClient-InstanceInfoReplicator-0] c.n.d.s.t.d.RedirectingEurekaHttpClient  : Request execution error. endpoint=DefaultEndpoint{ serviceUrl='http://eureka-server:ZXVyZWthLXNlcnZlcg==@localhost:8761/eureka/} exception=I/O error on POST request for "http://eureka-server:ZXVyZWthLXNlcnZlcg==@localhost:8761/eureka/apps/MS-AVALIADOR": Connect to localhost:8761 [localhost/127.0.0.1, localhost/0:0:0:0:0:0:0:1] failed: Connection refused: connect; nested exception is org.apache.http.conn.HttpHostConnectException: Connect to localhost:8761 [localhost/127.0.0.1, localhost/0:0:0:0:0:0:0:1] failed: Connection refused: connect stacktrace=org.springframework.web.client.ResourceAccessException: I/O error on POST request for "http://eureka-server:ZXVyZWthLXNlcnZlcg==@localhost:8761/eureka/apps/MS-AVALIADOR": Connect to localhost:8761 [localhost/127.0.0.1, localhost/0:0:0:0:0:0:0:1] failed: Connection refused: connect; nested exception is org.apache.http.conn.HttpHostConnectException: Connect to localhost:8761 [localhost/127.0.0.1, localhost/0:0:0:0:0:0:0:1] failed: Connection refused: connect
	at org.springframework.web.client.RestTemplate.doExecute(RestTemplate.java:791)
	at org.springframework.web.client.RestTemplate.execute(RestTemplate.java:717)
	at org.springframework.web.client.RestTemplate.exchange(RestTemplate.java:608)
	at org.springframework.cloud.netflix.eureka.http.RestTemplateEurekaHttpClient.register(RestTemplateEurekaHttpClient.java:77)
	at com.netflix.discovery.shared.transport.decorator.EurekaHttpClientDecorator$1.execute(EurekaHttpClientDecorator.java:59)
	at com.netflix.discovery.shared.transport.decorator.RedirectingEurekaHttpClient.execute(RedirectingEurekaHttpClient.java:91)
	at com.netflix.discovery.shared.transport.decorator.EurekaHttpClientDecorator.register(EurekaHttpClientDecorator.java:56)
	at com.netflix.discovery.shared.transport.decorator.EurekaHttpClientDecorator$1.execute(EurekaHttpClientDecorator.java:59)
	at com.netflix.discovery.shared.transport.decorator.RetryableEurekaHttpClient.execute(RetryableEurekaHttpClient.java:120)
	at com.netflix.discovery.shared.transport.decorator.EurekaHttpClientDecorator.register(EurekaHttpClientDecorator.java:56)
	at com.netflix.discovery.shared.transport.decorator.EurekaHttpClientDecorator$1.execute(EurekaHttpClientDecorator.java:59)
	at com.netflix.discovery.shared.transport.decorator.SessionedEurekaHttpClient.execute(SessionedEurekaHttpClient.java:77)
	at com.netflix.discovery.shared.transport.decorator.EurekaHttpClientDecorator.register(EurekaHttpClientDecorator.java:56)
	at com.netflix.discovery.DiscoveryClient.register(DiscoveryClient.java:876)
	at com.netflix.discovery.InstanceInfoReplicator.run(InstanceInfoReplicator.java:121)
	at com.netflix.discovery.InstanceInfoReplicator$1.run(InstanceInfoReplicator.java:101)
	at java.base/java.util.concurrent.Executors$RunnableAdapter.call(Executors.java:577)
	at java.base/java.util.concurrent.FutureTask.run(FutureTask.java:317)
	at java.base/java.util.concurrent.ScheduledThreadPoolExecutor$ScheduledFutureTask.run(ScheduledThreadPoolExecutor.java:304)
	at java.base/java.util.concurrent.ThreadPoolExecutor.runWorker(ThreadPoolExecutor.java:1144)
	at java.base/java.util.concurrent.ThreadPoolExecutor$Worker.run(ThreadPoolExecutor.java:642)
	at java.base/java.lang.Thread.run(Thread.java:1623)
Caused by: org.apache.http.conn.HttpHostConnectException: Connect to localhost:8761 [localhost/127.0.0.1, localhost/0:0:0:0:0:0:0:1] failed: Connection refused: connect
	at org.apache.http.impl.conn.DefaultHttpClientConnectionOperator.connect(DefaultHttpClientConnectionOperator.java:156)
	at org.apache.http.impl.conn.PoolingHttpClientConnectionManager.connect(PoolingHttpClientConnectionManager.java:376)
	at org.apache.http.impl.execchain.MainClientExec.establishRoute(MainClientExec.java:393)
	at org.apache.http.impl.execchain.MainClientExec.execute(MainClientExec.java:236)
	at org.apache.http.impl.execchain.ProtocolExec.execute(ProtocolExec.java:186)
	at org.apache.http.impl.execchain.RetryExec.execute(RetryExec.java:89)
	at org.apache.http.impl.execchain.RedirectExec.execute(RedirectExec.java:110)
	at org.apache.http.impl.client.InternalHttpClient.doExecute(InternalHttpClient.java:185)
	at org.apache.http.impl.client.CloseableHttpClient.execute(CloseableHttpClient.java:83)
	at org.apache.http.impl.client.CloseableHttpClient.execute(CloseableHttpClient.java:56)
	at org.springframework.http.client.HttpComponentsClientHttpRequest.executeInternal(HttpComponentsClientHttpRequest.java:87)
	at org.springframework.http.client.AbstractBufferingClientHttpRequest.executeInternal(AbstractBufferingClientHttpRequest.java:48)
	at org.springframework.http.client.AbstractClientHttpRequest.execute(AbstractClientHttpRequest.java:66)
	at org.springframework.http.client.InterceptingClientHttpRequest$InterceptingRequestExecution.execute(InterceptingClientHttpRequest.java:109)
	at org.springframework.http.client.support.BasicAuthenticationInterceptor.intercept(BasicAuthenticationInterceptor.java:79)
	at org.springframework.http.client.InterceptingClientHttpRequest$InterceptingRequestExecution.execute(InterceptingClientHttpRequest.java:93)
	at org.springframework.http.client.InterceptingClientHttpRequest.executeInternal(InterceptingClientHttpRequest.java:77)
	at org.springframework.http.client.AbstractBufferingClientHttpRequest.executeInternal(AbstractBufferingClientHttpRequest.java:48)
	at org.springframework.http.client.AbstractClientHttpRequest.execute(AbstractClientHttpRequest.java:66)
	at org.springframework.web.client.RestTemplate.doExecute(RestTemplate.java:782)
	... 21 more
Caused by: java.net.ConnectException: Connection refused: connect
	at java.base/sun.nio.ch.Net.connect0(Native Method)
	at java.base/sun.nio.ch.Net.connect(Net.java:580)
	at java.base/sun.nio.ch.Net.connect(Net.java:569)
	at java.base/sun.nio.ch.NioSocketImpl.connect(NioSocketImpl.java:581)
	at java.base/java.net.SocksSocketImpl.connect(SocksSocketImpl.java:327)
	at java.base/java.net.Socket.connect(Socket.java:666)
	at org.apache.http.conn.socket.PlainConnectionSocketFactory.connectSocket(PlainConnectionSocketFactory.java:75)
	at org.apache.http.impl.conn.DefaultHttpClientConnectionOperator.connect(DefaultHttpClientConnectionOperator.java:142)
	... 40 more

2023-10-09 14:26:46.767  WARN 13456 --- [DiscoveryClient-InstanceInfoReplicator-0] c.n.d.s.t.d.RetryableEurekaHttpClient    : Request execution failed with message: I/O error on POST request for "http://eureka-server:ZXVyZWthLXNlcnZlcg==@localhost:8761/eureka/apps/MS-AVALIADOR": Connect to localhost:8761 [localhost/127.0.0.1, localhost/0:0:0:0:0:0:0:1] failed: Connection refused: connect; nested exception is org.apache.http.conn.HttpHostConnectException: Connect to localhost:8761 [localhost/127.0.0.1, localhost/0:0:0:0:0:0:0:1] failed: Connection refused: connect
2023-10-09 14:26:46.782  INFO 13456 --- [DiscoveryClient-InstanceInfoReplicator-0] c.n.d.s.t.d.RedirectingEurekaHttpClient  : Request execution error. endpoint=DefaultEndpoint{ serviceUrl='http://eureka-server:ZXVyZWthLXNlcnZlcg==@localhost:8761/eureka/}, exception=I/O error on POST request for "http://eureka-server:ZXVyZWthLXNlcnZlcg==@localhost:8761/eureka/apps/MS-AVALIADOR": Connect to localhost:8761 [localhost/127.0.0.1, localhost/0:0:0:0:0:0:0:1] failed: Connection refused: connect; nested exception is org.apache.http.conn.HttpHostConnectException: Connect to localhost:8761 [localhost/127.0.0.1, localhost/0:0:0:0:0:0:0:1] failed: Connection refused: connect stacktrace=org.springframework.web.client.ResourceAccessException: I/O error on POST request for "http://eureka-server:ZXVyZWthLXNlcnZlcg==@localhost:8761/eureka/apps/MS-AVALIADOR": Connect to localhost:8761 [localhost/127.0.0.1, localhost/0:0:0:0:0:0:0:1] failed: Connection refused: connect; nested exception is org.apache.http.conn.HttpHostConnectException: Connect to localhost:8761 [localhost/127.0.0.1, localhost/0:0:0:0:0:0:0:1] failed: Connection refused: connect
	at org.springframework.web.client.RestTemplate.doExecute(RestTemplate.java:791)
	at org.springframework.web.client.RestTemplate.execute(RestTemplate.java:717)
	at org.springframework.web.client.RestTemplate.exchange(RestTemplate.java:608)
	at org.springframework.cloud.netflix.eureka.http.RestTemplateEurekaHttpClient.register(RestTemplateEurekaHttpClient.java:77)
	at com.netflix.discovery.shared.transport.decorator.EurekaHttpClientDecorator$1.execute(EurekaHttpClientDecorator.java:59)
	at com.netflix.discovery.shared.transport.decorator.RedirectingEurekaHttpClient.executeOnNewServer(RedirectingEurekaHttpClient.java:121)
	at com.netflix.discovery.shared.transport.decorator.RedirectingEurekaHttpClient.execute(RedirectingEurekaHttpClient.java:80)
	at com.netflix.discovery.shared.transport.decorator.EurekaHttpClientDecorator.register(EurekaHttpClientDecorator.java:56)
	at com.netflix.discovery.shared.transport.decorator.EurekaHttpClientDecorator$1.execute(EurekaHttpClientDecorator.java:59)
	at com.netflix.discovery.shared.transport.decorator.RetryableEurekaHttpClient.execute(RetryableEurekaHttpClient.java:120)
	at com.netflix.discovery.shared.transport.decorator.EurekaHttpClientDecorator.register(EurekaHttpClientDecorator.java:56)
	at com.netflix.discovery.shared.transport.decorator.EurekaHttpClientDecorator$1.execute(EurekaHttpClientDecorator.java:59)
	at com.netflix.discovery.shared.transport.decorator.SessionedEurekaHttpClient.execute(SessionedEurekaHttpClient.java:77)
	at com.netflix.discovery.shared.transport.decorator.EurekaHttpClientDecorator.register(EurekaHttpClientDecorator.java:56)
	at com.netflix.discovery.DiscoveryClient.register(DiscoveryClient.java:876)
	at com.netflix.discovery.InstanceInfoReplicator.run(InstanceInfoReplicator.java:121)
	at com.netflix.discovery.InstanceInfoReplicator$1.run(InstanceInfoReplicator.java:101)
	at java.base/java.util.concurrent.Executors$RunnableAdapter.call(Executors.java:577)
	at java.base/java.util.concurrent.FutureTask.run(FutureTask.java:317)
	at java.base/java.util.concurrent.ScheduledThreadPoolExecutor$ScheduledFutureTask.run(ScheduledThreadPoolExecutor.java:304)
	at java.base/java.util.concurrent.ThreadPoolExecutor.runWorker(ThreadPoolExecutor.java:1144)
	at java.base/java.util.concurrent.ThreadPoolExecutor$Worker.run(ThreadPoolExecutor.java:642)
	at java.base/java.lang.Thread.run(Thread.java:1623)
Caused by: org.apache.http.conn.HttpHostConnectException: Connect to localhost:8761 [localhost/127.0.0.1, localhost/0:0:0:0:0:0:0:1] failed: Connection refused: connect
	at org.apache.http.impl.conn.DefaultHttpClientConnectionOperator.connect(DefaultHttpClientConnectionOperator.java:156)
	at org.apache.http.impl.conn.PoolingHttpClientConnectionManager.connect(PoolingHttpClientConnectionManager.java:376)
	at org.apache.http.impl.execchain.MainClientExec.establishRoute(MainClientExec.java:393)
	at org.apache.http.impl.execchain.MainClientExec.execute(MainClientExec.java:236)
	at org.apache.http.impl.execchain.ProtocolExec.execute(ProtocolExec.java:186)
	at org.apache.http.impl.execchain.RetryExec.execute(RetryExec.java:89)
	at org.apache.http.impl.execchain.RedirectExec.execute(RedirectExec.java:110)
	at org.apache.http.impl.client.InternalHttpClient.doExecute(InternalHttpClient.java:185)
	at org.apache.http.impl.client.CloseableHttpClient.execute(CloseableHttpClient.java:83)
	at org.apache.http.impl.client.CloseableHttpClient.execute(CloseableHttpClient.java:56)
	at org.springframework.http.client.HttpComponentsClientHttpRequest.executeInternal(HttpComponentsClientHttpRequest.java:87)
	at org.springframework.http.client.AbstractBufferingClientHttpRequest.executeInternal(AbstractBufferingClientHttpRequest.java:48)
	at org.springframework.http.client.AbstractClientHttpRequest.execute(AbstractClientHttpRequest.java:66)
	at org.springframework.http.client.InterceptingClientHttpRequest$InterceptingRequestExecution.execute(InterceptingClientHttpRequest.java:109)
	at org.springframework.http.client.support.BasicAuthenticationInterceptor.intercept(BasicAuthenticationInterceptor.java:79)
	at org.springframework.http.client.InterceptingClientHttpRequest$InterceptingRequestExecution.execute(InterceptingClientHttpRequest.java:93)
	at org.springframework.http.client.InterceptingClientHttpRequest.executeInternal(InterceptingClientHttpRequest.java:77)
	at org.springframework.http.client.AbstractBufferingClientHttpRequest.executeInternal(AbstractBufferingClientHttpRequest.java:48)
	at org.springframework.http.client.AbstractClientHttpRequest.execute(AbstractClientHttpRequest.java:66)
	at org.springframework.web.client.RestTemplate.doExecute(RestTemplate.java:782)
	... 22 more
Caused by: java.net.ConnectException: Connection refused: connect
	at java.base/sun.nio.ch.Net.connect0(Native Method)
	at java.base/sun.nio.ch.Net.connect(Net.java:580)
	at java.base/sun.nio.ch.Net.connect(Net.java:569)
	at java.base/sun.nio.ch.NioSocketImpl.connect(NioSocketImpl.java:581)
	at java.base/java.net.SocksSocketImpl.connect(SocksSocketImpl.java:327)
	at java.base/java.net.Socket.connect(Socket.java:666)
	at org.apache.http.conn.socket.PlainConnectionSocketFactory.connectSocket(PlainConnectionSocketFactory.java:75)
	at org.apache.http.impl.conn.DefaultHttpClientConnectionOperator.connect(DefaultHttpClientConnectionOperator.java:142)
	... 41 more

2023-10-09 14:26:46.782  WARN 13456 --- [DiscoveryClient-InstanceInfoReplicator-0] c.n.d.s.t.d.RetryableEurekaHttpClient    : Request execution failed with message: I/O error on POST request for "http://eureka-server:ZXVyZWthLXNlcnZlcg==@localhost:8761/eureka/apps/MS-AVALIADOR": Connect to localhost:8761 [localhost/127.0.0.1, localhost/0:0:0:0:0:0:0:1] failed: Connection refused: connect; nested exception is org.apache.http.conn.HttpHostConnectException: Connect to localhost:8761 [localhost/127.0.0.1, localhost/0:0:0:0:0:0:0:1] failed: Connection refused: connect
2023-10-09 14:26:46.789  WARN 13456 --- [DiscoveryClient-InstanceInfoReplicator-0] com.netflix.discovery.DiscoveryClient    : DiscoveryClient_MS-AVALIADOR/ms-avaliador:0b1a48859a77fc844a1992a1fefaad9a - registration failed Cannot execute request on any known server

com.netflix.discovery.shared.transport.TransportException: Cannot execute request on any known server
	at com.netflix.discovery.shared.transport.decorator.RetryableEurekaHttpClient.execute(RetryableEurekaHttpClient.java:112) ~[eureka-client-1.10.17.jar:1.10.17]
	at com.netflix.discovery.shared.transport.decorator.EurekaHttpClientDecorator.register(EurekaHttpClientDecorator.java:56) ~[eureka-client-1.10.17.jar:1.10.17]
	at com.netflix.discovery.shared.transport.decorator.EurekaHttpClientDecorator$1.execute(EurekaHttpClientDecorator.java:59) ~[eureka-client-1.10.17.jar:1.10.17]
	at com.netflix.discovery.shared.transport.decorator.SessionedEurekaHttpClient.execute(SessionedEurekaHttpClient.java:77) ~[eureka-client-1.10.17.jar:1.10.17]
	at com.netflix.discovery.shared.transport.decorator.EurekaHttpClientDecorator.register(EurekaHttpClientDecorator.java:56) ~[eureka-client-1.10.17.jar:1.10.17]
	at com.netflix.discovery.DiscoveryClient.register(DiscoveryClient.java:876) ~[eureka-client-1.10.17.jar:1.10.17]
	at com.netflix.discovery.InstanceInfoReplicator.run(InstanceInfoReplicator.java:121) ~[eureka-client-1.10.17.jar:1.10.17]
	at com.netflix.discovery.InstanceInfoReplicator$1.run(InstanceInfoReplicator.java:101) ~[eureka-client-1.10.17.jar:1.10.17]
	at java.base/java.util.concurrent.Executors$RunnableAdapter.call(Executors.java:577) ~[na:na]
	at java.base/java.util.concurrent.FutureTask.run(FutureTask.java:317) ~[na:na]
	at java.base/java.util.concurrent.ScheduledThreadPoolExecutor$ScheduledFutureTask.run(ScheduledThreadPoolExecutor.java:304) ~[na:na]
	at java.base/java.util.concurrent.ThreadPoolExecutor.runWorker(ThreadPoolExecutor.java:1144) ~[na:na]
	at java.base/java.util.concurrent.ThreadPoolExecutor$Worker.run(ThreadPoolExecutor.java:642) ~[na:na]
	at java.base/java.lang.Thread.run(Thread.java:1623) ~[na:na]

2023-10-09 14:26:46.790  WARN 13456 --- [DiscoveryClient-InstanceInfoReplicator-0] c.n.discovery.InstanceInfoReplicator     : There was a problem with the instance info replicator

com.netflix.discovery.shared.transport.TransportException: Cannot execute request on any known server
	at com.netflix.discovery.shared.transport.decorator.RetryableEurekaHttpClient.execute(RetryableEurekaHttpClient.java:112) ~[eureka-client-1.10.17.jar:1.10.17]
	at com.netflix.discovery.shared.transport.decorator.EurekaHttpClientDecorator.register(EurekaHttpClientDecorator.java:56) ~[eureka-client-1.10.17.jar:1.10.17]
	at com.netflix.discovery.shared.transport.decorator.EurekaHttpClientDecorator$1.execute(EurekaHttpClientDecorator.java:59) ~[eureka-client-1.10.17.jar:1.10.17]
	at com.netflix.discovery.shared.transport.decorator.SessionedEurekaHttpClient.execute(SessionedEurekaHttpClient.java:77) ~[eureka-client-1.10.17.jar:1.10.17]
	at com.netflix.discovery.shared.transport.decorator.EurekaHttpClientDecorator.register(EurekaHttpClientDecorator.java:56) ~[eureka-client-1.10.17.jar:1.10.17]
	at com.netflix.discovery.DiscoveryClient.register(DiscoveryClient.java:876) ~[eureka-client-1.10.17.jar:1.10.17]
	at com.netflix.discovery.InstanceInfoReplicator.run(InstanceInfoReplicator.java:121) ~[eureka-client-1.10.17.jar:1.10.17]
	at com.netflix.discovery.InstanceInfoReplicator$1.run(InstanceInfoReplicator.java:101) ~[eureka-client-1.10.17.jar:1.10.17]
	at java.base/java.util.concurrent.Executors$RunnableAdapter.call(Executors.java:577) ~[na:na]
	at java.base/java.util.concurrent.FutureTask.run(FutureTask.java:317) ~[na:na]
	at java.base/java.util.concurrent.ScheduledThreadPoolExecutor$ScheduledFutureTask.run(ScheduledThreadPoolExecutor.java:304) ~[na:na]
	at java.base/java.util.concurrent.ThreadPoolExecutor.runWorker(ThreadPoolExecutor.java:1144) ~[na:na]
	at java.base/java.util.concurrent.ThreadPoolExecutor$Worker.run(ThreadPoolExecutor.java:642) ~[na:na]
	at java.base/java.lang.Thread.run(Thread.java:1623) ~[na:na]

2023-10-09 14:26:46.828  INFO 13456 --- [SpringApplicationShutdownHook] com.netflix.discovery.DiscoveryClient    : Shutting down DiscoveryClient ...
